  [1m[36m (1.4ms)[0m  [1mCREATE TABLE "schema_migrations" ("version" varchar(255) NOT NULL) [0m
  [1m[35m (0.7ms)[0m  CREATE UNIQUE INDEX "unique_schema_migrations" ON "schema_migrations" ("version")
  [1m[36mActiveRecord::SchemaMigration Load (0.1ms)[0m  [1mSELECT "schema_migrations".* FROM "schema_migrations"[0m
Migrating to CreateUsers (20131223070413)
  [1m[35m (0.1ms)[0m  begin transaction
  [1m[36m (0.4ms)[0m  [1mCREATE TABLE "users" ("id" INTEGER PRIMARY KEY AUTOINCREMENT NOT NULL, "name" varchar(255), "email" varchar(255), "created_at" datetime, "updated_at" datetime) [0m
  [1m[35mSQL (0.2ms)[0m  INSERT INTO "schema_migrations" ("version") VALUES (?)  [["version", "20131223070413"]]
  [1m[36m (0.6ms)[0m  [1mcommit transaction[0m
  [1m[35mActiveRecord::SchemaMigration Load (0.1ms)[0m  SELECT "schema_migrations".* FROM "schema_migrations"


Started GET "/" for 127.0.0.1 at 2013-12-22 23:23:59 -0800
  [1m[36mActiveRecord::SchemaMigration Load (0.1ms)[0m  [1mSELECT "schema_migrations".* FROM "schema_migrations"[0m

ActiveRecord::PendingMigrationError (Migrations are pending; run 'bin/rake db:migrate RAILS_ENV=development' to resolve this issue.):
  activerecord (4.0.2) lib/active_record/migration.rb:379:in `check_pending!'
  activerecord (4.0.2) lib/active_record/migration.rb:366:in `call'
  actionpack (4.0.2) lib/action_dispatch/middleware/callbacks.rb:29:in `block in call'
  activesupport (4.0.2) lib/active_support/callbacks.rb:373:in `_run__2082638824475310771__call__callbacks'
  activesupport (4.0.2) lib/active_support/callbacks.rb:80:in `run_callbacks'
  actionpack (4.0.2) lib/action_dispatch/middleware/callbacks.rb:27:in `call'
  actionpack (4.0.2) lib/action_dispatch/middleware/reloader.rb:64:in `call'
  actionpack (4.0.2) lib/action_dispatch/middleware/remote_ip.rb:76:in `call'
  actionpack (4.0.2) lib/action_dispatch/middleware/debug_exceptions.rb:17:in `call'
  actionpack (4.0.2) lib/action_dispatch/middleware/show_exceptions.rb:30:in `call'
  railties (4.0.2) lib/rails/rack/logger.rb:38:in `call_app'
  railties (4.0.2) lib/rails/rack/logger.rb:20:in `block in call'
  activesupport (4.0.2) lib/active_support/tagged_logging.rb:67:in `block in tagged'
  activesupport (4.0.2) lib/active_support/tagged_logging.rb:25:in `tagged'
  activesupport (4.0.2) lib/active_support/tagged_logging.rb:67:in `tagged'
  railties (4.0.2) lib/rails/rack/logger.rb:20:in `call'
  actionpack (4.0.2) lib/action_dispatch/middleware/request_id.rb:21:in `call'
  rack (1.5.2) lib/rack/methodoverride.rb:21:in `call'
  rack (1.5.2) lib/rack/runtime.rb:17:in `call'
  activesupport (4.0.2) lib/active_support/cache/strategy/local_cache.rb:83:in `call'
  rack (1.5.2) lib/rack/lock.rb:17:in `call'
  actionpack (4.0.2) lib/action_dispatch/middleware/static.rb:64:in `call'
  rack (1.5.2) lib/rack/sendfile.rb:112:in `call'
  railties (4.0.2) lib/rails/engine.rb:511:in `call'
  railties (4.0.2) lib/rails/application.rb:97:in `call'
  rack (1.5.2) lib/rack/lock.rb:17:in `call'
  rack (1.5.2) lib/rack/content_length.rb:14:in `call'
  rack (1.5.2) lib/rack/handler/webrick.rb:60:in `service'
  /System/Library/Frameworks/Ruby.framework/Versions/2.0/usr/lib/ruby/2.0.0/webrick/httpserver.rb:138:in `service'
  /System/Library/Frameworks/Ruby.framework/Versions/2.0/usr/lib/ruby/2.0.0/webrick/httpserver.rb:94:in `run'
  /System/Library/Frameworks/Ruby.framework/Versions/2.0/usr/lib/ruby/2.0.0/webrick/server.rb:295:in `block in start_thread'


  Rendered /Library/Ruby/Gems/2.0.0/gems/actionpack-4.0.2/lib/action_dispatch/middleware/templates/rescues/_source.erb (0.7ms)
  Rendered /Library/Ruby/Gems/2.0.0/gems/actionpack-4.0.2/lib/action_dispatch/middleware/templates/rescues/_trace.erb (2.1ms)
  Rendered /Library/Ruby/Gems/2.0.0/gems/actionpack-4.0.2/lib/action_dispatch/middleware/templates/rescues/_request_and_response.erb (2.1ms)
  Rendered /Library/Ruby/Gems/2.0.0/gems/actionpack-4.0.2/lib/action_dispatch/middleware/templates/rescues/diagnostics.erb within rescues/layout (25.0ms)
  [1m[36mActiveRecord::SchemaMigration Load (0.1ms)[0m  [1mSELECT "schema_migrations".* FROM "schema_migrations"[0m
Migrating to CreateMicroPosts (20131223071042)
  [1m[35m (0.1ms)[0m  begin transaction
  [1m[36m (0.4ms)[0m  [1mCREATE TABLE "micro_posts" ("id" INTEGER PRIMARY KEY AUTOINCREMENT NOT NULL, "Content" varchar(255), "user_id" integer, "created_at" datetime, "updated_at" datetime) [0m
  [1m[35mSQL (0.2ms)[0m  INSERT INTO "schema_migrations" ("version") VALUES (?)  [["version", "20131223071042"]]
  [1m[36m (0.7ms)[0m  [1mcommit transaction[0m
  [1m[35mActiveRecord::SchemaMigration Load (0.1ms)[0m  SELECT "schema_migrations".* FROM "schema_migrations"


Started GET "/" for 127.0.0.1 at 2013-12-22 23:28:49 -0800
  [1m[36mActiveRecord::SchemaMigration Load (0.2ms)[0m  [1mSELECT "schema_migrations".* FROM "schema_migrations"[0m
Processing by Rails::WelcomeController#index as HTML
  Rendered /Library/Ruby/Gems/2.0.0/gems/railties-4.0.2/lib/rails/templates/rails/welcome/index.html.erb (1.5ms)
Completed 200 OK in 36ms (Views: 7.3ms | ActiveRecord: 0.0ms)


Started GET "/users" for 127.0.0.1 at 2013-12-22 23:29:03 -0800
Processing by UsersController#index as HTML
  [1m[35mUser Load (0.2ms)[0m  SELECT "users".* FROM "users"
  Rendered users/index.html.erb within layouts/application (1.7ms)
Completed 200 OK in 1515ms (Views: 1432.1ms | ActiveRecord: 0.2ms)


Started GET "/assets/application.css?body=1" for 127.0.0.1 at 2013-12-22 23:29:05 -0800


Started GET "/assets/micro_posts.css?body=1" for 127.0.0.1 at 2013-12-22 23:29:05 -0800


Started GET "/assets/users.css?body=1" for 127.0.0.1 at 2013-12-22 23:29:05 -0800


Started GET "/assets/scaffolds.css?body=1" for 127.0.0.1 at 2013-12-22 23:29:05 -0800


Started GET "/assets/jquery.js?body=1" for 127.0.0.1 at 2013-12-22 23:29:05 -0800


Started GET "/assets/jquery_ujs.js?body=1" for 127.0.0.1 at 2013-12-22 23:29:05 -0800


Started GET "/assets/turbolinks.js?body=1" for 127.0.0.1 at 2013-12-22 23:29:05 -0800


Started GET "/assets/micro_posts.js?body=1" for 127.0.0.1 at 2013-12-22 23:29:05 -0800


Started GET "/assets/users.js?body=1" for 127.0.0.1 at 2013-12-22 23:29:05 -0800


Started GET "/assets/application.js?body=1" for 127.0.0.1 at 2013-12-22 23:29:05 -0800


Started GET "/users/new" for 127.0.0.1 at 2013-12-22 23:29:08 -0800
Processing by UsersController#new as HTML
  Rendered users/_form.html.erb (660.3ms)
  Rendered users/new.html.erb within layouts/application (765.6ms)
Completed 200 OK in 772ms (Views: 770.7ms | ActiveRecord: 0.3ms)


Started POST "/users" for 127.0.0.1 at 2013-12-22 23:29:19 -0800
Processing by UsersController#create as HTML
  Parameters: {"utf8"=>"✓", "authenticity_token"=>"UlgUXh6EFqQ72mzTu3sqALcdsUAlGvDKmo6AoqCdIWo=", "user"=>{"name"=>"gaurav", "email"=>"gaurav.doshi@gmail.com"}, "commit"=>"Create User"}
  [1m[36m (0.1ms)[0m  [1mbegin transaction[0m
  [1m[35mSQL (4.8ms)[0m  INSERT INTO "users" ("created_at", "email", "name", "updated_at") VALUES (?, ?, ?, ?)  [["created_at", Mon, 23 Dec 2013 07:29:19 UTC +00:00], ["email", "gaurav.doshi@gmail.com"], ["name", "gaurav"], ["updated_at", Mon, 23 Dec 2013 07:29:19 UTC +00:00]]
  [1m[36m (0.7ms)[0m  [1mcommit transaction[0m
Redirected to http://localhost:3000/users/1
Completed 302 Found in 12ms (ActiveRecord: 5.6ms)


Started GET "/users/1" for 127.0.0.1 at 2013-12-22 23:29:19 -0800
Processing by UsersController#show as HTML
  Parameters: {"id"=>"1"}
  [1m[35mUser Load (0.3ms)[0m  SELECT "users".* FROM "users" WHERE "users"."id" = ? LIMIT 1  [["id", "1"]]
  Rendered users/show.html.erb within layouts/application (1.0ms)
Completed 200 OK in 9ms (Views: 6.5ms | ActiveRecord: 0.3ms)


Started GET "/assets/jquery_ujs.js?body=1" for 127.0.0.1 at 2013-12-22 23:29:19 -0800


Started GET "/assets/jquery.js?body=1" for 127.0.0.1 at 2013-12-22 23:29:19 -0800


Started GET "/assets/users.js?body=1" for 127.0.0.1 at 2013-12-22 23:29:19 -0800


Started GET "/assets/micro_posts.js?body=1" for 127.0.0.1 at 2013-12-22 23:29:19 -0800


Started GET "/assets/application.js?body=1" for 127.0.0.1 at 2013-12-22 23:29:19 -0800


Started GET "/assets/turbolinks.js?body=1" for 127.0.0.1 at 2013-12-22 23:29:19 -0800


Started GET "/microposts" for 127.0.0.1 at 2013-12-22 23:48:06 -0800
  [1m[36mActiveRecord::SchemaMigration Load (0.1ms)[0m  [1mSELECT "schema_migrations".* FROM "schema_migrations"[0m

ActionController::RoutingError (No route matches [GET] "/microposts"):
  actionpack (4.0.2) lib/action_dispatch/middleware/debug_exceptions.rb:21:in `call'
  actionpack (4.0.2) lib/action_dispatch/middleware/show_exceptions.rb:30:in `call'
  railties (4.0.2) lib/rails/rack/logger.rb:38:in `call_app'
  railties (4.0.2) lib/rails/rack/logger.rb:20:in `block in call'
  activesupport (4.0.2) lib/active_support/tagged_logging.rb:67:in `block in tagged'
  activesupport (4.0.2) lib/active_support/tagged_logging.rb:25:in `tagged'
  activesupport (4.0.2) lib/active_support/tagged_logging.rb:67:in `tagged'
  railties (4.0.2) lib/rails/rack/logger.rb:20:in `call'
  actionpack (4.0.2) lib/action_dispatch/middleware/request_id.rb:21:in `call'
  rack (1.5.2) lib/rack/methodoverride.rb:21:in `call'
  rack (1.5.2) lib/rack/runtime.rb:17:in `call'
  activesupport (4.0.2) lib/active_support/cache/strategy/local_cache.rb:83:in `call'
  rack (1.5.2) lib/rack/lock.rb:17:in `call'
  actionpack (4.0.2) lib/action_dispatch/middleware/static.rb:64:in `call'
  rack (1.5.2) lib/rack/sendfile.rb:112:in `call'
  railties (4.0.2) lib/rails/engine.rb:511:in `call'
  railties (4.0.2) lib/rails/application.rb:97:in `call'
  rack (1.5.2) lib/rack/lock.rb:17:in `call'
  rack (1.5.2) lib/rack/content_length.rb:14:in `call'
  rack (1.5.2) lib/rack/handler/webrick.rb:60:in `service'
  /System/Library/Frameworks/Ruby.framework/Versions/2.0/usr/lib/ruby/2.0.0/webrick/httpserver.rb:138:in `service'
  /System/Library/Frameworks/Ruby.framework/Versions/2.0/usr/lib/ruby/2.0.0/webrick/httpserver.rb:94:in `run'
  /System/Library/Frameworks/Ruby.framework/Versions/2.0/usr/lib/ruby/2.0.0/webrick/server.rb:295:in `block in start_thread'


  Rendered /Library/Ruby/Gems/2.0.0/gems/actionpack-4.0.2/lib/action_dispatch/middleware/templates/rescues/_trace.erb (1.0ms)
  Rendered /Library/Ruby/Gems/2.0.0/gems/actionpack-4.0.2/lib/action_dispatch/middleware/templates/routes/_route.html.erb (1.8ms)
  Rendered /Library/Ruby/Gems/2.0.0/gems/actionpack-4.0.2/lib/action_dispatch/middleware/templates/routes/_table.html.erb (3.6ms)
  Rendered /Library/Ruby/Gems/2.0.0/gems/actionpack-4.0.2/lib/action_dispatch/middleware/templates/rescues/routing_error.erb within rescues/layout (670.3ms)


Started GET "/micro_posts" for 127.0.0.1 at 2013-12-22 23:48:15 -0800
Processing by MicroPostsController#index as HTML
  [1m[35mMicroPost Load (0.2ms)[0m  SELECT "micro_posts".* FROM "micro_posts"
  Rendered micro_posts/index.html.erb within layouts/application (1.6ms)
Completed 200 OK in 95ms (Views: 62.1ms | ActiveRecord: 0.2ms)


Started GET "/assets/micro_posts.css?body=1" for 127.0.0.1 at 2013-12-22 23:48:15 -0800


Started GET "/assets/jquery.js?body=1" for 127.0.0.1 at 2013-12-22 23:48:15 -0800


Started GET "/assets/application.css?body=1" for 127.0.0.1 at 2013-12-22 23:48:15 -0800


Started GET "/assets/users.css?body=1" for 127.0.0.1 at 2013-12-22 23:48:15 -0800


Started GET "/assets/scaffolds.css?body=1" for 127.0.0.1 at 2013-12-22 23:48:15 -0800


Started GET "/assets/jquery_ujs.js?body=1" for 127.0.0.1 at 2013-12-22 23:48:15 -0800


Started GET "/assets/turbolinks.js?body=1" for 127.0.0.1 at 2013-12-22 23:48:15 -0800


Started GET "/assets/micro_posts.js?body=1" for 127.0.0.1 at 2013-12-22 23:48:15 -0800


Started GET "/assets/users.js?body=1" for 127.0.0.1 at 2013-12-22 23:48:15 -0800


Started GET "/assets/application.js?body=1" for 127.0.0.1 at 2013-12-22 23:48:15 -0800


Started GET "/micro_posts/new" for 127.0.0.1 at 2013-12-22 23:48:17 -0800
Processing by MicroPostsController#new as HTML
  Rendered micro_posts/_form.html.erb (44.3ms)
  Rendered micro_posts/new.html.erb within layouts/application (46.0ms)
Completed 200 OK in 53ms (Views: 50.9ms | ActiveRecord: 0.4ms)


Started POST "/micro_posts" for 127.0.0.1 at 2013-12-22 23:48:39 -0800
Processing by MicroPostsController#create as HTML
  Parameters: {"utf8"=>"✓", "authenticity_token"=>"UlgUXh6EFqQ72mzTu3sqALcdsUAlGvDKmo6AoqCdIWo=", "micro_post"=>{"Content"=>"safari", "user_id"=>"1"}, "commit"=>"Create Micro post"}
  [1m[36m (0.1ms)[0m  [1mbegin transaction[0m
  [1m[35m (0.1ms)[0m  rollback transaction
Completed 500 Internal Server Error in 2ms

NoMethodError (undefined method `content' for #<MicroPost:0x007ff4e1f5e910>):
  app/controllers/micro_posts_controller.rb:30:in `block in create'
  app/controllers/micro_posts_controller.rb:29:in `create'


  Rendered /Library/Ruby/Gems/2.0.0/gems/actionpack-4.0.2/lib/action_dispatch/middleware/templates/rescues/_source.erb (0.6ms)
  Rendered /Library/Ruby/Gems/2.0.0/gems/actionpack-4.0.2/lib/action_dispatch/middleware/templates/rescues/_trace.erb (1.2ms)
  Rendered /Library/Ruby/Gems/2.0.0/gems/actionpack-4.0.2/lib/action_dispatch/middleware/templates/rescues/_request_and_response.erb (1.4ms)
  Rendered /Library/Ruby/Gems/2.0.0/gems/actionpack-4.0.2/lib/action_dispatch/middleware/templates/rescues/diagnostics.erb within rescues/layout (15.6ms)
  [1m[36mActiveRecord::SchemaMigration Load (0.1ms)[0m  [1mSELECT "schema_migrations".* FROM "schema_migrations"[0m
  [1m[35mActiveRecord::SchemaMigration Load (0.1ms)[0m  SELECT "schema_migrations".* FROM "schema_migrations"
